2021-05-29 19:23:32,564 INFO o.a.j.u.JMeterUtils: Setting Locale to en_EN
2021-05-29 19:23:32,580 INFO o.a.j.JMeter: Loading user properties from: C:\Tools\apache-jmeter-5.4.1\apache-jmeter-5.4.1\bin\user.properties
2021-05-29 19:23:32,580 INFO o.a.j.JMeter: Loading system properties from: C:\Tools\apache-jmeter-5.4.1\apache-jmeter-5.4.1\bin\system.properties
2021-05-29 19:23:32,595 INFO o.a.j.JMeter: Copyright (c) 1998-2021 The Apache Software Foundation
2021-05-29 19:23:32,595 INFO o.a.j.JMeter: Version 5.4.1
2021-05-29 19:23:32,595 INFO o.a.j.JMeter: java.version=1.8.0_291
2021-05-29 19:23:32,595 INFO o.a.j.JMeter: java.vm.name=Java HotSpot(TM) 64-Bit Server VM
2021-05-29 19:23:32,595 INFO o.a.j.JMeter: os.name=Windows 10
2021-05-29 19:23:32,595 INFO o.a.j.JMeter: os.arch=amd64
2021-05-29 19:23:32,595 INFO o.a.j.JMeter: os.version=10.0
2021-05-29 19:23:32,595 INFO o.a.j.JMeter: file.encoding=Cp1252
2021-05-29 19:23:32,595 INFO o.a.j.JMeter: java.awt.headless=true
2021-05-29 19:23:32,595 INFO o.a.j.JMeter: Max memory     =1073741824
2021-05-29 19:23:32,595 INFO o.a.j.JMeter: Available Processors =8
2021-05-29 19:23:32,611 INFO o.a.j.JMeter: Default Locale=English (EN)
2021-05-29 19:23:32,611 INFO o.a.j.JMeter: JMeter  Locale=English (EN)
2021-05-29 19:23:32,611 INFO o.a.j.JMeter: JMeterHome=C:\Tools\apache-jmeter-5.4.1\apache-jmeter-5.4.1
2021-05-29 19:23:32,611 INFO o.a.j.JMeter: user.dir  =C:\Tools\perfTest
2021-05-29 19:23:32,611 INFO o.a.j.JMeter: PWD       =C:\Tools\perfTest
2021-05-29 19:23:32,611 INFO o.a.j.JMeter: IP: 192.168.1.116 Name: DESKTOP-SHDMBGS FullName: DESKTOP-SHDMBGS
2021-05-29 19:23:32,611 INFO o.a.j.JMeter: Setting property 'jmeter.reportgenerator.outputdir' to:'C:\Tools\perfTest\GetTopWcResult_Report3'
2021-05-29 19:23:32,611 INFO o.a.j.s.FileServer: Default base='C:\Tools\perfTest'
2021-05-29 19:23:32,626 INFO o.a.j.s.FileServer: Set new base='C:\Tools\perfTest'
2021-05-29 19:23:32,767 INFO o.a.j.s.SaveService: Testplan (JMX) version: 2.2. Testlog (JTL) version: 2.2
2021-05-29 19:23:32,783 INFO o.a.j.s.SaveService: Using SaveService properties file encoding UTF-8
2021-05-29 19:23:32,798 INFO o.a.j.s.SaveService: Using SaveService properties version 5.0
2021-05-29 19:23:32,798 INFO o.a.j.s.SaveService: Loading file: GetTopResultsApi.jmx
2021-05-29 19:23:32,870 INFO o.a.j.p.h.s.HTTPSamplerBase: Parser for text/html is org.apache.jmeter.protocol.http.parser.LagartoBasedHtmlParser
2021-05-29 19:23:32,871 INFO o.a.j.p.h.s.HTTPSamplerBase: Parser for application/xhtml+xml is org.apache.jmeter.protocol.http.parser.LagartoBasedHtmlParser
2021-05-29 19:23:32,871 INFO o.a.j.p.h.s.HTTPSamplerBase: Parser for application/xml is org.apache.jmeter.protocol.http.parser.LagartoBasedHtmlParser
2021-05-29 19:23:32,871 INFO o.a.j.p.h.s.HTTPSamplerBase: Parser for text/xml is org.apache.jmeter.protocol.http.parser.LagartoBasedHtmlParser
2021-05-29 19:23:32,871 INFO o.a.j.p.h.s.HTTPSamplerBase: Parser for text/vnd.wap.wml is org.apache.jmeter.protocol.http.parser.RegexpHTMLParser
2021-05-29 19:23:32,871 INFO o.a.j.p.h.s.HTTPSamplerBase: Parser for text/css is org.apache.jmeter.protocol.http.parser.CssParser
2021-05-29 19:23:32,927 INFO o.a.j.JMeter: Creating summariser <summary>
2021-05-29 19:23:32,934 INFO o.a.j.r.d.ReportGenerator: ReportGenerator will use for Parsing the separator: ','
2021-05-29 19:23:32,934 INFO o.a.j.r.d.ReportGenerator: Will generate report at end of test from  results file: GetTopWcResult_Report3.jtl
2021-05-29 19:23:32,934 INFO o.a.j.r.d.ReportGenerator: Reading report generator properties from: C:\Tools\apache-jmeter-5.4.1\apache-jmeter-5.4.1\bin\reportgenerator.properties
2021-05-29 19:23:32,935 INFO o.a.j.r.d.ReportGenerator: Merging with JMeter properties
2021-05-29 19:23:32,942 INFO o.a.j.r.c.ReportGeneratorConfiguration: Property 'jmeter.reportgenerator.temp_dir' not found, using default value 'temp' instead.
2021-05-29 19:23:32,946 INFO o.a.j.r.c.ReportGeneratorConfiguration: Property 'jmeter.reportgenerator.apdex_per_transaction' not found, using default value 'null' instead.
2021-05-29 19:23:32,946 INFO o.a.j.r.c.ReportGeneratorConfiguration: apdex_per_transaction is empty, not APDEX per transaction customization
2021-05-29 19:23:32,946 INFO o.a.j.r.c.ReportGeneratorConfiguration: Property 'jmeter.reportgenerator.sample_filter' not found, using default value 'null' instead.
2021-05-29 19:23:32,946 INFO o.a.j.r.c.ReportGeneratorConfiguration: Property 'jmeter.reportgenerator.report_title' not found, using default value 'null' instead.
2021-05-29 19:23:32,946 INFO o.a.j.r.c.ReportGeneratorConfiguration: Property 'jmeter.reportgenerator.start_date' not found, using default value 'null' instead.
2021-05-29 19:23:32,946 INFO o.a.j.r.c.ReportGeneratorConfiguration: Property 'jmeter.reportgenerator.end_date' not found, using default value 'null' instead.
2021-05-29 19:23:32,947 INFO o.a.j.r.c.ReportGeneratorConfiguration: Property 'jmeter.reportgenerator.date_format' not found, using default value 'null' instead.
2021-05-29 19:23:32,947 INFO o.a.j.r.c.ReportGeneratorConfiguration: Will use date range start date: null, end date: null
2021-05-29 19:23:32,951 INFO o.a.j.r.c.ReportGeneratorConfiguration: Property 'jmeter.reportgenerator.graph.totalTPS.exclude_controllers' not found, using default value 'false' instead.
2021-05-29 19:23:32,951 INFO o.a.j.r.c.ReportGeneratorConfiguration: Property 'jmeter.reportgenerator.graph.activeThreadsOverTime.exclude_controllers' not found, using default value 'false' instead.
2021-05-29 19:23:32,953 INFO o.a.j.r.c.ReportGeneratorConfiguration: Property 'jmeter.reportgenerator.graph.timeVsThreads.exclude_controllers' not found, using default value 'false' instead.
2021-05-29 19:23:32,953 INFO o.a.j.r.c.ReportGeneratorConfiguration: Property 'jmeter.reportgenerator.graph.responseTimeDistribution.exclude_controllers' not found, using default value 'false' instead.
2021-05-29 19:23:32,953 INFO o.a.j.r.c.ReportGeneratorConfiguration: Property 'jmeter.reportgenerator.graph.transactionsPerSecond.exclude_controllers' not found, using default value 'false' instead.
2021-05-29 19:23:32,953 INFO o.a.j.r.c.ReportGeneratorConfiguration: Property 'jmeter.reportgenerator.graph.responseTimePercentiles.exclude_controllers' not found, using default value 'false' instead.
2021-05-29 19:23:32,953 INFO o.a.j.r.c.ReportGeneratorConfiguration: Property 'jmeter.reportgenerator.graph.responseTimePercentilesOverTime.exclude_controllers' not found, using default value 'false' instead.
2021-05-29 19:23:32,954 INFO o.a.j.r.c.ReportGeneratorConfiguration: Property 'jmeter.reportgenerator.graph.responseTimesOverTime.exclude_controllers' not found, using default value 'false' instead.
2021-05-29 19:23:32,954 INFO o.a.j.r.c.ReportGeneratorConfiguration: Property 'jmeter.reportgenerator.graph.connectTimeOverTime.exclude_controllers' not found, using default value 'false' instead.
2021-05-29 19:23:32,954 INFO o.a.j.r.c.ReportGeneratorConfiguration: Property 'jmeter.reportgenerator.graph.latenciesOverTime.exclude_controllers' not found, using default value 'false' instead.
2021-05-29 19:23:32,955 INFO o.a.j.r.c.ReportGeneratorConfiguration: Property 'jmeter.reportgenerator.exporter.json.filters_only_sample_series' not found, using default value 'true' instead.
2021-05-29 19:23:32,955 INFO o.a.j.r.c.ReportGeneratorConfiguration: Property 'jmeter.reportgenerator.exporter.json.series_filter' not found, using default value '' instead.
2021-05-29 19:23:32,955 INFO o.a.j.r.c.ReportGeneratorConfiguration: Property 'jmeter.reportgenerator.exporter.json.show_controllers_only' not found, using default value 'false' instead.
2021-05-29 19:23:32,956 INFO o.a.j.r.c.ReportGeneratorConfiguration: Property 'jmeter.reportgenerator.exporter.html.filters_only_sample_series' not found, using default value 'true' instead.
2021-05-29 19:23:32,956 INFO o.a.j.r.c.ReportGeneratorConfiguration: Property 'jmeter.reportgenerator.exporter.html.series_filter' not found, using default value '' instead.
2021-05-29 19:23:32,956 INFO o.a.j.r.c.ReportGeneratorConfiguration: Property 'jmeter.reportgenerator.exporter.html.show_controllers_only' not found, using default value 'false' instead.
2021-05-29 19:23:32,962 INFO o.a.j.e.StandardJMeterEngine: Running the test!
2021-05-29 19:23:32,963 INFO o.a.j.s.SampleEvent: List of sample_variables: []
2021-05-29 19:23:32,963 INFO o.a.j.s.SampleEvent: List of sample_variables: []
2021-05-29 19:23:32,970 INFO o.a.j.e.u.CompoundVariable: Note: Function class names must contain the string: '.functions.'
2021-05-29 19:23:32,970 INFO o.a.j.e.u.CompoundVariable: Note: Function class names must not contain the string: '.gui.'
2021-05-29 19:23:33,333 INFO o.a.j.JMeter: Running test (1622280213333)
2021-05-29 19:23:33,365 INFO o.a.j.e.StandardJMeterEngine: Starting ThreadGroup: 1 : GetTopResultsApi
2021-05-29 19:23:33,365 INFO o.a.j.e.StandardJMeterEngine: Starting 1 threads for group GetTopResultsApi.
2021-05-29 19:23:33,365 INFO o.a.j.e.StandardJMeterEngine: Thread will continue on error
2021-05-29 19:23:33,365 INFO o.a.j.t.ThreadGroup: Starting thread group... number=1 threads=1 ramp-up=0 delayedStart=false
2021-05-29 19:23:33,365 INFO o.a.j.t.ThreadGroup: Started thread group number 1
2021-05-29 19:23:33,380 INFO o.a.j.e.StandardJMeterEngine: All thread groups have been started
2021-05-29 19:23:33,380 INFO o.a.j.t.JMeterThread: Thread started: GetTopResultsApi 1-1
2021-05-29 19:23:33,411 INFO o.a.j.p.h.s.HTTPHCAbstractImpl: Local host = DESKTOP-SHDMBGS
2021-05-29 19:23:33,411 INFO o.a.j.p.h.s.HTTPHC4Impl: HTTP request retry count = 0
2021-05-29 19:23:33,411 INFO o.a.j.s.SampleResult: Note: Sample TimeStamps are START times
2021-05-29 19:23:33,411 INFO o.a.j.s.SampleResult: sampleresult.default.encoding is set to ISO-8859-1
2021-05-29 19:23:33,411 INFO o.a.j.s.SampleResult: sampleresult.useNanoTime=true
2021-05-29 19:23:33,411 INFO o.a.j.s.SampleResult: sampleresult.nanoThreadSleep=5000
2021-05-29 19:23:33,583 INFO o.a.j.r.Summariser: summary +      1 in 00:00:00 =    4.0/s Avg:    82 Min:    82 Max:    82 Err:     0 (0.00%) Active: 1 Started: 1 Finished: 0
2021-05-29 19:24:00,391 INFO o.a.j.r.Summariser: summary +     27 in 00:00:27 =    1.0/s Avg:     9 Min:     3 Max:    16 Err:     0 (0.00%) Active: 1 Started: 1 Finished: 0
2021-05-29 19:24:00,391 INFO o.a.j.r.Summariser: summary =     28 in 00:00:27 =    1.0/s Avg:    12 Min:     3 Max:    82 Err:     0 (0.00%)
2021-05-29 19:24:30,384 INFO o.a.j.r.Summariser: summary +     30 in 00:00:30 =    1.0/s Avg:     8 Min:     3 Max:    23 Err:     0 (0.00%) Active: 1 Started: 1 Finished: 0
2021-05-29 19:24:30,384 INFO o.a.j.r.Summariser: summary =     58 in 00:00:57 =    1.0/s Avg:    10 Min:     3 Max:    82 Err:     0 (0.00%)
2021-05-29 19:25:00,381 INFO o.a.j.r.Summariser: summary +     30 in 00:00:30 =    1.0/s Avg:     9 Min:     2 Max:    76 Err:     0 (0.00%) Active: 1 Started: 1 Finished: 0
2021-05-29 19:25:00,381 INFO o.a.j.r.Summariser: summary =     88 in 00:01:27 =    1.0/s Avg:    10 Min:     2 Max:    82 Err:     0 (0.00%)
2021-05-29 19:25:30,385 INFO o.a.j.r.Summariser: summary +     30 in 00:00:30 =    1.0/s Avg:     5 Min:     3 Max:    15 Err:     0 (0.00%) Active: 1 Started: 1 Finished: 0
2021-05-29 19:25:30,385 INFO o.a.j.r.Summariser: summary =    118 in 00:01:57 =    1.0/s Avg:     8 Min:     2 Max:    82 Err:     0 (0.00%)
2021-05-29 19:26:00,381 INFO o.a.j.r.Summariser: summary +     30 in 00:00:30 =    1.0/s Avg:     4 Min:     3 Max:    20 Err:     0 (0.00%) Active: 1 Started: 1 Finished: 0
2021-05-29 19:26:00,381 INFO o.a.j.r.Summariser: summary =    148 in 00:02:27 =    1.0/s Avg:     8 Min:     2 Max:    82 Err:     0 (0.00%)
2021-05-29 19:26:30,385 INFO o.a.j.r.Summariser: summary +     30 in 00:00:30 =    1.0/s Avg:     4 Min:     2 Max:    15 Err:     0 (0.00%) Active: 1 Started: 1 Finished: 0
2021-05-29 19:26:30,385 INFO o.a.j.r.Summariser: summary =    178 in 00:02:57 =    1.0/s Avg:     7 Min:     2 Max:    82 Err:     0 (0.00%)
2021-05-29 19:27:00,380 INFO o.a.j.r.Summariser: summary +     30 in 00:00:30 =    1.0/s Avg:     4 Min:     3 Max:    15 Err:     0 (0.00%) Active: 1 Started: 1 Finished: 0
2021-05-29 19:27:00,380 INFO o.a.j.r.Summariser: summary =    208 in 00:03:27 =    1.0/s Avg:     7 Min:     2 Max:    82 Err:     0 (0.00%)
2021-05-29 19:27:30,383 INFO o.a.j.r.Summariser: summary +     30 in 00:00:30 =    1.0/s Avg:     6 Min:     2 Max:    16 Err:     0 (0.00%) Active: 1 Started: 1 Finished: 0
2021-05-29 19:27:30,383 INFO o.a.j.r.Summariser: summary =    238 in 00:03:57 =    1.0/s Avg:     6 Min:     2 Max:    82 Err:     0 (0.00%)
2021-05-29 19:28:00,380 INFO o.a.j.r.Summariser: summary +     30 in 00:00:30 =    1.0/s Avg:     6 Min:     3 Max:    17 Err:     0 (0.00%) Active: 1 Started: 1 Finished: 0
2021-05-29 19:28:00,380 INFO o.a.j.r.Summariser: summary =    268 in 00:04:27 =    1.0/s Avg:     6 Min:     2 Max:    82 Err:     0 (0.00%)
2021-05-29 19:28:30,395 INFO o.a.j.r.Summariser: summary +     30 in 00:00:30 =    1.0/s Avg:     8 Min:     3 Max:    15 Err:     0 (0.00%) Active: 1 Started: 1 Finished: 0
2021-05-29 19:28:30,395 INFO o.a.j.r.Summariser: summary =    298 in 00:04:57 =    1.0/s Avg:     7 Min:     2 Max:    82 Err:     0 (0.00%)
2021-05-29 19:28:32,384 INFO o.a.j.t.JMeterThread: Thread finished: GetTopResultsApi 1-1
2021-05-29 19:28:32,384 INFO o.a.j.e.StandardJMeterEngine: Notifying test listeners of end of test
2021-05-29 19:28:32,384 INFO o.a.j.r.Summariser: summary +      2 in 00:00:02 =    1.0/s Avg:     3 Min:     3 Max:     4 Err:     0 (0.00%) Active: 0 Started: 1 Finished: 1
2021-05-29 19:28:32,384 INFO o.a.j.r.Summariser: summary =    300 in 00:04:59 =    1.0/s Avg:     7 Min:     2 Max:    82 Err:     0 (0.00%)
2021-05-29 19:28:32,400 INFO o.a.j.JMeter: Generating Dashboard
2021-05-29 19:28:32,400 INFO o.a.j.r.d.ReportGenerator: Flushing result collector before report Generation
2021-05-29 19:28:32,419 INFO o.a.j.r.p.NormalizerSampleConsumer: Using format, 'ms', to parse timeStamp field
2021-05-29 19:28:32,779 INFO o.a.j.r.p.AbstractSampleConsumer: class org.apache.jmeter.report.processor.AggregateConsumer#stopProducing(): beginDate produced 0 samples
2021-05-29 19:28:32,779 INFO o.a.j.r.p.AbstractSampleConsumer: class org.apache.jmeter.report.processor.AggregateConsumer#stopProducing(): endDate produced 0 samples
2021-05-29 19:28:32,779 INFO o.a.j.r.p.AbstractSampleConsumer: class org.apache.jmeter.report.processor.ApdexSummaryConsumer#stopProducing(): apdexSummary produced 0 samples
2021-05-29 19:28:32,779 INFO o.a.j.r.p.AbstractSampleConsumer: class org.apache.jmeter.report.processor.RequestsSummaryConsumer#stopProducing(): requestsSummary produced 0 samples
2021-05-29 19:28:32,779 INFO o.a.j.r.p.AbstractSampleConsumer: class org.apache.jmeter.report.processor.StatisticsSummaryConsumer#stopProducing(): statisticsSummary produced 0 samples
2021-05-29 19:28:32,794 INFO o.a.j.r.p.AbstractSampleConsumer: class org.apache.jmeter.report.processor.Top5ErrorsBySamplerConsumer#stopProducing(): top5ErrorsBySampler produced 0 samples
2021-05-29 19:28:32,794 INFO o.a.j.r.p.AbstractSampleConsumer: class org.apache.jmeter.report.processor.ErrorsSummaryConsumer#stopProducing(): errorsSummary produced 0 samples
2021-05-29 19:28:32,794 INFO o.a.j.r.p.AbstractSampleConsumer: class org.apache.jmeter.report.processor.graph.impl.HitsPerSecondGraphConsumer#stopProducing(): hitsPerSecond produced 0 samples
2021-05-29 19:28:32,810 INFO o.a.j.r.p.AbstractSampleConsumer: class org.apache.jmeter.report.processor.graph.impl.LatencyVSRequestGraphConsumer#stopProducing(): latencyVsRequest produced 0 samples
2021-05-29 19:28:32,810 INFO o.a.j.r.p.AbstractSampleConsumer: class org.apache.jmeter.report.processor.graph.impl.SyntheticResponseTimeDistributionGraphConsumer#stopProducing(): syntheticResponseTimeDistribution produced 0 samples
2021-05-29 19:28:32,810 INFO o.a.j.r.p.AbstractSampleConsumer: class org.apache.jmeter.report.processor.graph.impl.BytesThroughputGraphConsumer#stopProducing(): bytesThroughputOverTime produced 0 samples
2021-05-29 19:28:32,810 INFO o.a.j.r.p.AbstractSampleConsumer: class org.apache.jmeter.report.processor.graph.impl.CodesPerSecondGraphConsumer#stopProducing(): codesPerSecond produced 0 samples
2021-05-29 19:28:32,810 INFO o.a.j.r.p.AbstractSampleConsumer: class org.apache.jmeter.report.processor.graph.impl.ResponseTimeVSRequestGraphConsumer#stopProducing(): responseTimeVsRequest produced 0 samples
2021-05-29 19:28:32,810 INFO o.a.j.r.p.AbstractSampleConsumer: class org.apache.jmeter.report.processor.FilterConsumer#stopProducing(): startIntervalControlerFilter produced 2100 samples
2021-05-29 19:28:32,810 INFO o.a.j.r.p.AbstractSampleConsumer: class org.apache.jmeter.report.processor.graph.impl.TotalTPSGraphConsumer#stopProducing(): totalTPS produced 0 samples
2021-05-29 19:28:32,810 INFO o.a.j.r.p.AbstractSampleConsumer: class org.apache.jmeter.report.processor.graph.impl.ActiveThreadsGraphConsumer#stopProducing(): activeThreadsOverTime produced 0 samples
2021-05-29 19:28:32,810 INFO o.a.j.r.p.AbstractSampleConsumer: class org.apache.jmeter.report.processor.graph.impl.TimeVSThreadGraphConsumer#stopProducing(): timeVsThreads produced 0 samples
2021-05-29 19:28:32,810 INFO o.a.j.r.p.AbstractSampleConsumer: class org.apache.jmeter.report.processor.graph.impl.ResponseTimeDistributionGraphConsumer#stopProducing(): responseTimeDistribution produced 0 samples
2021-05-29 19:28:32,810 INFO o.a.j.r.p.AbstractSampleConsumer: class org.apache.jmeter.report.processor.graph.impl.TransactionsPerSecondGraphConsumer#stopProducing(): transactionsPerSecond produced 0 samples
2021-05-29 19:28:32,810 INFO o.a.j.r.p.AbstractSampleConsumer: class org.apache.jmeter.report.processor.graph.impl.ResponseTimePercentilesGraphConsumer#stopProducing(): responseTimePercentiles produced 0 samples
2021-05-29 19:28:32,810 INFO o.a.j.r.p.AbstractSampleConsumer: class org.apache.jmeter.report.processor.graph.impl.ResponseTimePercentilesOverTimeGraphConsumer#stopProducing(): responseTimePercentilesOverTime produced 0 samples
2021-05-29 19:28:32,810 INFO o.a.j.r.p.AbstractSampleConsumer: class org.apache.jmeter.report.processor.graph.impl.ResponseTimeOverTimeGraphConsumer#stopProducing(): responseTimesOverTime produced 0 samples
2021-05-29 19:28:32,810 INFO o.a.j.r.p.AbstractSampleConsumer: class org.apache.jmeter.report.processor.graph.impl.ConnectTimeOverTimeGraphConsumer#stopProducing(): connectTimeOverTime produced 0 samples
2021-05-29 19:28:32,810 INFO o.a.j.r.p.AbstractSampleConsumer: class org.apache.jmeter.report.processor.graph.impl.LatencyOverTimeGraphConsumer#stopProducing(): latenciesOverTime produced 0 samples
2021-05-29 19:28:32,826 INFO o.a.j.r.p.AbstractSampleConsumer: class org.apache.jmeter.report.processor.FilterConsumer#stopProducing(): nameFilter produced 4500 samples
2021-05-29 19:28:32,826 INFO o.a.j.r.p.AbstractSampleConsumer: class org.apache.jmeter.report.processor.FilterConsumer#stopProducing(): dateRangeFilter produced 900 samples
2021-05-29 19:28:32,826 INFO o.a.j.r.p.AbstractSampleConsumer: class org.apache.jmeter.report.processor.NormalizerSampleConsumer#stopProducing(): normalizer produced 300 samples
2021-05-29 19:28:32,826 INFO o.a.j.r.p.CsvFileSampleSource: produce(): 300 samples produced in 375ms on channel 0
2021-05-29 19:28:32,826 INFO o.a.j.r.d.ReportGenerator: Exporting data using exporter:'json' of className:'org.apache.jmeter.report.dashboard.JsonExporter'
2021-05-29 19:28:32,951 INFO o.a.j.r.d.JsonExporter: Found data for consumer statisticsSummary in context
2021-05-29 19:28:32,951 INFO o.a.j.r.d.JsonExporter: Creating statistics for overall
2021-05-29 19:28:32,951 INFO o.a.j.r.d.JsonExporter: Creating statistics for other transactions
2021-05-29 19:28:32,951 INFO o.a.j.r.d.JsonExporter: Checking output folder
2021-05-29 19:28:32,966 INFO o.a.j.r.d.JsonExporter: Writing statistics JSON to C:\Tools\perfTest\GetTopWcResult_Report3\statistics.json
2021-05-29 19:28:32,998 INFO o.a.j.r.d.ReportGenerator: Exporting data using exporter:'html' of className:'org.apache.jmeter.report.dashboard.HtmlTemplateExporter'
2021-05-29 19:28:33,013 INFO o.a.j.r.d.HtmlTemplateExporter: Will generate dashboard in folder: C:\Tools\perfTest\GetTopWcResult_Report3
2021-05-29 19:28:33,107 INFO o.a.j.r.d.HtmlTemplateExporter: Report will be generated in: C:\Tools\perfTest\GetTopWcResult_Report3, creating folder structure
2021-05-29 19:28:33,107 INFO o.a.j.r.d.TemplateVisitor: Copying folder from 'C:\Tools\apache-jmeter-5.4.1\apache-jmeter-5.4.1\bin\report-template' to 'C:\Tools\perfTest\GetTopWcResult_Report3', got message: C:\Tools\perfTest\GetTopWcResult_Report3, found non empty folder with following content [C:\Tools\perfTest\GetTopWcResult_Report3\statistics.json], will be ignored
2021-05-29 19:28:33,639 INFO o.a.j.JMeter: Dashboard generated
